[debug] [2024-07-01T16:26:23.178Z] ----------------------------------------------------------------------
[debug] [2024-07-01T16:26:23.181Z] Command:       C:\Program Files\nodejs\node.exe C:\Program Files\nodejs\node_modules\firebase-tools\lib\bin\firebase.js init
[debug] [2024-07-01T16:26:23.182Z] CLI Version:   13.12.0
[debug] [2024-07-01T16:26:23.182Z] Platform:      win32
[debug] [2024-07-01T16:26:23.182Z] Node Version:  v18.20.3
[debug] [2024-07-01T16:26:23.184Z] Time:          Mon Jul 01 2024 13:26:23 GMT-0300 (hora estándar de Argentina)
[debug] [2024-07-01T16:26:23.184Z] ----------------------------------------------------------------------
[debug] 
[debug] [2024-07-01T16:26:23.197Z] > command requires scopes: ["email","openid","https://www.googleapis.com/auth/cloudplatformprojects.readonly","https://www.googleapis.com/auth/firebase","https://www.googleapis.com/auth/cloud-platform"]
[debug] [2024-07-01T16:26:23.197Z] > authorizing via signed-in user (vico12leon@gmail.com)
[info] 
     ######## #### ########  ######## ########     ###     ######  ########
     ##        ##  ##     ## ##       ##     ##  ##   ##  ##       ##
     ######    ##  ########  ######   ########  #########  ######  ######
     ##        ##  ##    ##  ##       ##     ## ##     ##       ## ##
     ##       #### ##     ## ######## ########  ##     ##  ######  ########

You're about to initialize a Firebase project in this directory:

  C:\Users\VICO\Desktop\ProyectoFhycs\jornadascongreso\jornadascongresos

[info] 
=== Project Setup
[info] 
[info] First, let's associate this project directory with a Firebase project.
[info] You can create multiple project aliases by running firebase use --add, 
[info] but for now we'll just set up a default project.
[info] 
[info] i  If you want to create a project in a Google Cloud organization or folder, please use "firebase projects:create" instead, and return to this command when you've created the project. 
